<?xml version="1.0" encoding="UTF-8"?>
<!-- Generated by org.testng.reporters.JUnitXMLReporter -->
<testsuite ignored="0" hostname="LAPTOP-BA1OONO2" failures="0" tests="4" name="Default test" time="0.985" errors="0" timestamp="2025-04-28T11:17:30 IST">
  <testcase classname="testscript2.Basetest" name="tc01" time="0.007"/>
  <testcase classname="testscript2.Basetest" name="tc01" time="0.002"/>
  <testcase classname="testscript2.Basetest" name="tc01" time="0.0"/>
  <testcase classname="testscript2.Basetest" name="tc01" time="0.001"/>
</testsuite> <!-- Default test -->
