<?xml version="1.0" encoding="UTF-8"?>
<!-- Generated by org.testng.reporters.JUnitXMLReporter -->
<testsuite ignored="0" hostname="LAPTOP-BA1OONO2" failures="0" tests="4" name="Test" time="1.324" errors="0" timestamp="2025-04-29T07:04:24 IST">
  <testcase classname="testscript2.Basetest" name="tc01" time="0.014"/>
  <testcase classname="testscript2.Basetest" name="tc01" time="0.003"/>
  <testcase classname="testscript2.Basetest" name="tc01" time="0.001"/>
  <testcase classname="testscript2.Basetest" name="tc01" time="0.001"/>
</testsuite> <!-- Test -->
