<?xml version="1.0" encoding="UTF-8"?>
<testng-results ignored="0" total="1" passed="1" failed="0" skipped="0">
  <reporter-output>
  </reporter-output>
  <suite started-at="2025-04-19T22:56:20 IST" name="Default suite" finished-at="2025-04-19T22:56:23 IST" duration-ms="3362">
    <groups>
    </groups>
    <test started-at="2025-04-19T22:56:20 IST" name="Default test" finished-at="2025-04-19T22:56:23 IST" duration-ms="3362">
      <class name="testscript2.Basetest">
        <test-method signature="tc01()[pri:0, instance:testscript2.Basetest@397fbdb]" started-at="2025-04-19T22:56:20 IST" name="tc01" finished-at="2025-04-19T22:56:23 IST" duration-ms="3318" status="PASS">
          <reporter-output>
          </reporter-output>
        </test-method> <!-- tc01 -->
      </class> <!-- testscript2.Basetest -->
    </test> <!-- Default test -->
  </suite> <!-- Default suite -->
</testng-results>
