<?xml version="1.0" encoding="UTF-8"?>
<testng-results ignored="0" total="4" passed="4" failed="0" skipped="0">
  <reporter-output>
  </reporter-output>
  <suite started-at="2025-04-29T07:04:22 IST" name="Suite" finished-at="2025-04-29T07:04:24 IST" duration-ms="1324">
    <groups>
    </groups>
    <test started-at="2025-04-29T07:04:22 IST" name="Test" finished-at="2025-04-29T07:04:24 IST" duration-ms="1324">
      <class name="testscript2.Basetest">
        <test-method signature="tc01(java.lang.String,java.lang.String)[pri:0, instance:testscript2.Basetest@4567f35d]" started-at="2025-04-29T07:04:24 IST" name="tc01" data-provider="excelData" finished-at="2025-04-29T07:04:24 IST" duration-ms="14" status="PASS">
          <params>
            <param index="0">
              <value>
                <![CDATA[rishab@gmail.com (1,0)]]>
              </value>
            </param>
            <param index="1">
              <value>
                <![CDATA[password123  (1,1)]]>
              </value>
            </param>
          </params>
          <reporter-output>
          </reporter-output>
        </test-method> <!-- tc01 -->
        <test-method signature="tc01(java.lang.String,java.lang.String)[pri:0, instance:testscript2.Basetest@4567f35d]" started-at="2025-04-29T07:04:24 IST" name="tc01" data-provider="excelData" finished-at="2025-04-29T07:04:24 IST" duration-ms="3" status="PASS">
          <params>
            <param index="0">
              <value>
                <![CDATA[juhi@123  (2,0)]]>
              </value>
            </param>
            <param index="1">
              <value>
                <![CDATA[pass564   (2,1)]]>
              </value>
            </param>
          </params>
          <reporter-output>
          </reporter-output>
        </test-method> <!-- tc01 -->
        <test-method signature="tc01(java.lang.String,java.lang.String)[pri:0, instance:testscript2.Basetest@4567f35d]" started-at="2025-04-29T07:04:24 IST" name="tc01" data-provider="excelData" finished-at="2025-04-29T07:04:24 IST" duration-ms="1" status="PASS">
          <params>
            <param index="0">
              <value>
                <![CDATA[drig@567   (3,0)]]>
              </value>
            </param>
            <param index="1">
              <value>
                <![CDATA[pasword000    (3,1)]]>
              </value>
            </param>
          </params>
          <reporter-output>
          </reporter-output>
        </test-method> <!-- tc01 -->
        <test-method signature="tc01(java.lang.String,java.lang.String)[pri:0, instance:testscript2.Basetest@4567f35d]" started-at="2025-04-29T07:04:24 IST" name="tc01" data-provider="excelData" finished-at="2025-04-29T07:04:24 IST" duration-ms="1" status="PASS">
          <params>
            <param index="0">
              <value>
                <![CDATA[aaaryu@1234   (4,0)]]>
              </value>
            </param>
            <param index="1">
              <value>
                <![CDATA[password789  (4,1)]]>
              </value>
            </param>
          </params>
          <reporter-output>
          </reporter-output>
        </test-method> <!-- tc01 -->
      </class> <!-- testscript2.Basetest -->
    </test> <!-- Test -->
  </suite> <!-- Suite -->
</testng-results>
